<?xml version="1.0" encoding="UTF-8"?>
<!-- Generated by org.testng.reporters.JUnitReportReporter -->
<testsuite hostname="MARWA" failures="0" tests="1" name="testTwo.FileUploadDemo2" time="7.902" errors="0" timestamp="22 Dec 2024 13:57:13 GMT">
  <testcase classname="testTwo.FileUploadDemo2" name="robotTest" time="7.902"/>
</testsuite> <!-- testTwo.FileUploadDemo2 -->
